<?xml version="1.0" encoding="UTF-8"?>
<!-- Generated by org.testng.reporters.JUnitReportReporter -->
<testsuite hostname="DESKTOP-81BEEVH" failures="0" tests="2" name="tests.LoginAndLogOutTest" time="25.431" errors="0" timestamp="26 Apr 2023 01:01:21 GMT" skipped="0">
  <testcase classname="tests.LoginAndLogOutTest" name="loginLogoutTest" time="11.237"/>
  <testcase classname="tests.LoginAndLogOutTest" name="loginFromHomePageWithValidCredentials" time="14.194"/>
</testsuite> <!-- tests.LoginAndLogOutTest -->
