<?xml version="1.0" encoding="UTF-8"?>
<!-- Generated by org.testng.reporters.JUnitReportReporter -->
<testsuite hostname="DESKTOP-81BEEVH" failures="0" tests="1" name="tests.SocialMediaTests" time="13.163" errors="0" timestamp="26 Apr 2023 00:37:24 GMT" skipped="0">
  <testcase classname="tests.SocialMediaTests" name="clickOnSocialNetworks" time="13.163"/>
</testsuite> <!-- tests.SocialMediaTests -->
