<?xml version="1.0" encoding="UTF-8"?>
<!-- Generated by org.testng.reporters.JUnitReportReporter -->
<testsuite hostname="DESKTOP-81BEEVH" failures="0" tests="1" name="tests.SortingTest" time="15.858" errors="0" timestamp="26 Apr 2023 00:35:59 GMT" skipped="0">
  <testcase classname="tests.SortingTest" name="sortItemsByPriceAsc" time="15.858"/>
</testsuite> <!-- tests.SortingTest -->
