<?xml version="1.0" encoding="UTF-8"?>
<!-- Generated by org.testng.reporters.JUnitReportReporter -->
<testsuite hostname="DESKTOP-81BEEVH" failures="0" tests="1" name="tests.SearchTest" time="13.038" errors="0" timestamp="26 Apr 2023 00:42:30 GMT" skipped="0">
  <testcase classname="tests.SearchTest" name="searchByItemTypeAndNAme" time="13.038"/>
</testsuite> <!-- tests.SearchTest -->
